<?xml version="1.0" encoding="UTF-8"?>
<testng-results skipped="0" failed="0" ignored="0" total="1" passed="1">
  <reporter-output>
  </reporter-output>
  <suite name="Suite" duration-ms="79" started-at="2018-02-04T12:38:23Z" finished-at="2018-02-04T12:38:23Z">
    <groups>
    </groups>
    <test name="Test" duration-ms="79" started-at="2018-02-04T12:38:23Z" finished-at="2018-02-04T12:38:23Z">
      <class name="GitDemo1.DemoJenkinsJob">
        <test-method status="PASS" signature="testJenkins()[pri:0, instance:GitDemo1.DemoJenkinsJob@1810399e]" name="testJenkins" duration-ms="23" started-at="2018-02-04T18:08:23Z" finished-at="2018-02-04T18:08:23Z">
          <reporter-output>
          </reporter-output>
        </test-method> <!-- testJenkins -->
      </class> <!-- GitDemo1.DemoJenkinsJob -->
    </test> <!-- Test -->
  </suite> <!-- Suite -->
</testng-results>
